VPR FPGA Placement and Routing.
Version: 8.1.0-dev+dadca7ecf-dirty
Revision: v8.0.0-rc2-2909-gdadca7ecf-dirty
Compiled: 2025-06-11T15:04:03
Compiler: GNU 12.2.0 on Linux-6.2.1-PRoot-Distro aarch64
Build Info: release IPO VTR_ASSERT_LEVEL=2

University of Toronto
verilogtorouting.org
vtr-users@googlegroups.com
This is free open source code under MIT license.

VPR was run with the following command-line:
vpr /root/symbiflow/quicklogic-arch-defs/share/arch/ql-eos-s3_wlcsp/arch.timing.xml helloworldfpga.eblif --device ql-eos-s3 --max_router_iterations 500 --routing_failure_predictor off --router_high_fanout_threshold -1 --constant_net_method route --route_chan_width 100 --clock_modeling route --place_delay_model delta_override --router_lookahead map --check_route quick --strict_checks off --allow_dangling_combinational_nodes on --disable_errors check_unbuffered_edges:check_route --congested_routing_iteration_threshold 0.8 --incremental_reroute_delay_ripup off --base_cost_type delay_normalized_length_bounded --bb_factor 10 --initial_pres_fac 4.0 --check_rr_graph off --suppress_warnings ,sum_pin_class:check_unbuffered_edges:load_rr_indexed_data_T_values:check_rr_node:trans_per_R:check_route:set_rr_graph_tool_comment:warn_model_missing_timing --read_rr_graph /root/symbiflow/quicklogic-arch-defs/share/arch/ql-eos-s3_wlcsp/rr_graph_ql-eos-s3_wlcsp.rr_graph.real.bin --read_placement_delay_lookup /root/symbiflow/quicklogic-arch-defs/share/arch/ql-eos-s3_wlcsp/rr_graph_ql-eos-s3_wlcsp.place_delay.bin --sdc_file /root/digital-design/vaman/fpga/setup/codes/blink/build/helloworldfpga_dummy.sdc --fix_clusters helloworldfpga_constraints.place --place


Architecture file: /root/symbiflow/quicklogic-arch-defs/share/arch/ql-eos-s3_wlcsp/arch.timing.xml
Circuit name: helloworldfpga

# Loading Architecture Description
# Loading Architecture Description took 0.51 seconds (max_rss 27.6 MiB, delta_rss +23.7 MiB)
# Building complex block graph
# Building complex block graph took 0.13 seconds (max_rss 34.4 MiB, delta_rss +6.8 MiB)
# Load circuit
# Load circuit took 0.02 seconds (max_rss 36.0 MiB, delta_rss +1.6 MiB)
# Clean circuit
Absorbed 979 LUT buffers
Inferred  106 additional primitive pins as constant generators since they have no combinationally connected inputs
Inferred   37 additional primitive pins as constant generators due to constant inputs
Inferred    0 additional primitive pins as constant generators since they have no combinationally connected inputs
Inferred    0 additional primitive pins as constant generators due to constant inputs
Inferred    0 additional primitive pins as constant generators since they have no combinationally connected inputs
Inferred    0 additional primitive pins as constant generators due to constant inputs
Swept input(s)      : 0
Swept output(s)     : 0 (0 dangling, 0 constant)
Swept net(s)        : 141
Swept block(s)      : 1
Constant Pins Marked: 143
# Clean circuit took 0.01 seconds (max_rss 36.3 MiB, delta_rss +0.3 MiB)
# Compress circuit
# Compress circuit took 0.00 seconds (max_rss 36.5 MiB, delta_rss +0.3 MiB)
# Verify circuit
# Verify circuit took 0.00 seconds (max_rss 36.5 MiB, delta_rss +0.0 MiB)
Circuit Statistics:
  Blocks: 112
    .output   :       3
    ASSP      :       1
    BIDIR_CELL:       3
    C_FRAG    :      32
    F_FRAG    :       1
    GND       :       1
    Q_FRAG    :      28
    T_FRAG    :      42
    VCC       :       1
  Nets  : 109
    Avg Fanout:     9.9
    Max Fanout:   503.0
    Min Fanout:     1.0
  Netlist Clocks: 1
# Build Timing Graph
  Timing Graph Nodes: 1191
  Timing Graph Edges: 1941
  Timing Graph Levels: 24
# Build Timing Graph took 0.00 seconds (max_rss 36.5 MiB, delta_rss +0.0 MiB)
Netlist contains 1 clocks
  Netlist Clock 'clk' Fanout: 28 pins (2.4%), 28 blocks (25.0%)
# Load Timing Constraints

SDC file '/root/digital-design/vaman/fpga/setup/codes/blink/build/helloworldfpga_dummy.sdc' contained no SDC commands
Setting default timing constraints:
   * constrain all primay inputs and primary outputs on netlist clock 'clk'
   * optimize netlist clock to run as fast as possible
Timing constraints created 1 clocks
  Constrained Clock 'clk' Source: 'u_qlal4s3b_cell_macro.Sys_Clk0[0]'

# Load Timing Constraints took 0.00 seconds (max_rss 36.5 MiB, delta_rss +0.0 MiB)
Timing analysis: ON
Circuit netlist file: helloworldfpga.net
Circuit placement file: helloworldfpga.place
Circuit routing file: helloworldfpga.route
Circuit SDC file: /root/digital-design/vaman/fpga/setup/codes/blink/build/helloworldfpga_dummy.sdc

Packer: ENABLED
Placer: ENABLED
Router: DISABLED
Analysis: DISABLED

NetlistOpts.abosrb_buffer_luts            : true
NetlistOpts.sweep_dangling_primary_ios    : true
NetlistOpts.sweep_dangling_nets           : true
NetlistOpts.sweep_dangling_blocks         : true
NetlistOpts.sweep_constant_primary_outputs: false
NetlistOpts.netlist_verbosity             : 1
NetlistOpts.const_gen_inference           : COMB_SEQ

PackerOpts.allow_unrelated_clustering: auto
PackerOpts.alpha_clustering: 0.750000
PackerOpts.beta_clustering: 0.900000
PackerOpts.cluster_seed_type: BLEND2
PackerOpts.connection_driven: true
PackerOpts.global_clocks: true
PackerOpts.hill_climbing_flag: false
PackerOpts.inter_cluster_net_delay: 1.000000
PackerOpts.timing_driven: true
PackerOpts.target_external_pin_util: auto

PlacerOpts.place_freq: PLACE_ONCE
PlacerOpts.place_algorithm: CRITICALITY_TIMING_PLACE
PlacerOpts.pad_loc_type: FREE
PlacerOpts.constraints_file: Using constraints file 'helloworldfpga_constraints.place'
PlacerOpts.place_cost_exp: 1.000000
PlacerOpts.place_chan_width: 100
PlacerOpts.inner_loop_recompute_divider: 0
PlacerOpts.recompute_crit_iter: 1
PlacerOpts.timing_tradeoff: 0.500000
PlacerOpts.td_place_exp_first: 1.000000
PlacerOpts.td_place_exp_last: 8.000000
PlacerOpts.delay_offset: 0.000000
PlacerOpts.delay_ramp_delta_threshold: -1
PlacerOpts.delay_ramp_slope: 0.000000
PlacerOpts.tsu_rel_margin: 1.000000
PlacerOpts.tsu_abs_margin: 0.000000
PlacerOpts.post_place_timing_report_file: 
PlacerOpts.allowed_tiles_for_delay_model: 
PlacerOpts.delay_model_reducer: MIN
PlacerOpts.delay_model_type: DELTA_OVERRIDE
PlacerOpts.rlim_escape_fraction: 0.000000
PlacerOpts.move_stats_file: 
PlacerOpts.placement_saves_per_temperature: 0
PlacerOpts.effort_scaling: CIRCUIT
PlacerOpts.place_delta_delay_matrix_calculation_method: ASTAR_ROUTE
PlaceOpts.seed: 1
AnnealSched.type: AUTO_SCHED
AnnealSched.inner_num: 1.000000

RoutingArch.directionality: BI_DIRECTIONAL
RoutingArch.switch_block_type: WILTON
RoutingArch.Fs: 3

# Load Packing
Begin loading packed FPGA netlist file.
Netlist generated from file 'helloworldfpga.net'.
Detected 2 constant generators (to see names run with higher pack verbosity)
Finished loading packed FPGA netlist file (took 0.036608 seconds).
# Load Packing took 0.04 seconds (max_rss 37.5 MiB, delta_rss +0.9 MiB)
Warning 1: Netlist contains 0 global net to non-global architecture pin connections
Warning 2: Logic block #57 ($false) has only 1 output pin '$false.GND0_GND[0]'. It may be a constant generator.
Warning 3: Logic block #58 ($true) has only 1 output pin '$true.VCC0_VCC[0]'. It may be a constant generator.

Netlist num_nets: 81
Netlist num_blocks: 59
Netlist EMPTY blocks: 0.
Netlist PB-GMUX blocks: 0.
Netlist PB-LOGIC blocks: 53.
Netlist PB-CLOCK blocks: 0.
Netlist PB-MULT blocks: 0.
Netlist PB-SDIOMUX blocks: 0.
Netlist PB-RAM blocks: 0.
Netlist PB-SYN_VCC blocks: 1.
Netlist PB-BIDIR blocks: 3.
Netlist PB-SYN_GND blocks: 1.
Netlist PB-ASSP blocks: 1.
Netlist inputs pins: 0
Netlist output pins: 9


Pb types usage...
  PB-LOGIC          : 53
   LOGIC            : 53
    FRAGS           : 53
     c_frag_modes   : 53
      SINGLE        : 32
       c_frag       : 32
      SPLIT         : 21
       b_frag       : 21
       t_frag       : 21
     f_frag         : 1
     q_frag_modes   : 28
      INT           : 25
       q_frag       : 25
      EXT           : 3
       q_frag       : 3
  PB-SYN_VCC        : 1
   VCC              : 1
  PB-BIDIR          : 3
   BIDIR            : 3
    OUTPUT          : 3
     bidir          : 3
     outpad         : 3
  PB-SYN_GND        : 1
   GND              : 1
  PB-ASSP           : 1
   ASSP             : 1

# Create Device
## Build Device Grid
FPGA sized to 39 x 35: 1365 grid tiles (ql-eos-s3)

Resource usage...
	Netlist
		0	blocks of type: PB-GMUX
	Architecture
		5	blocks of type: TL-GMUX
	Netlist
		53	blocks of type: PB-LOGIC
	Architecture
		891	blocks of type: TL-LOGIC
	Netlist
		0	blocks of type: PB-CLOCK
	Architecture
		5	blocks of type: TL-CLOCK
	Netlist
		0	blocks of type: PB-MULT
	Architecture
		2	blocks of type: TL-MULT
	Netlist
		0	blocks of type: PB-SDIOMUX
	Architecture
		14	blocks of type: TL-SDIOMUX
	Netlist
		0	blocks of type: PB-RAM
	Architecture
		4	blocks of type: TL-RAM
	Netlist
		1	blocks of type: PB-SYN_VCC
	Architecture
		1	blocks of type: TL-SYN_VCC
	Netlist
		3	blocks of type: PB-BIDIR
	Architecture
		32	blocks of type: TL-BIDIR
	Netlist
		1	blocks of type: PB-SYN_GND
	Architecture
		1	blocks of type: TL-SYN_GND
	Netlist
		1	blocks of type: PB-ASSP
	Architecture
		1	blocks of type: TL-ASSP

Device Utilization: 0.04 (target 1.00)
	Physical Tile TL-LOGIC:
	Block Utilization: 0.06 Logical Block: PB-LOGIC
	Physical Tile TL-RAM:
	Block Utilization: 0.00 Logical Block: PB-RAM
	Physical Tile TL-MULT:
	Block Utilization: 0.00 Logical Block: PB-MULT
	Physical Tile TL-BIDIR:
	Block Utilization: 0.09 Logical Block: PB-BIDIR
	Physical Tile TL-CLOCK:
	Block Utilization: 0.00 Logical Block: PB-CLOCK
	Physical Tile TL-SDIOMUX:
	Block Utilization: 0.00 Logical Block: PB-SDIOMUX
	Physical Tile TL-GMUX:
	Block Utilization: 0.00 Logical Block: PB-GMUX
	Physical Tile TL-ASSP:
	Block Utilization: 1.00 Logical Block: PB-ASSP
	Physical Tile TL-SYN_VCC:
	Block Utilization: 1.00 Logical Block: PB-SYN_VCC
	Physical Tile TL-SYN_GND:
	Block Utilization: 1.00 Logical Block: PB-SYN_GND

## Build Device Grid took 0.01 seconds (max_rss 37.6 MiB, delta_rss +0.0 MiB)
## Loading routing resource graph



Warning 4: This architecture version is for VPR 8.1.0-dev+dadca7ecf-dirty while your current VPR version is 8.1.0-dev+dadca7ecf compatability issues may arise

## Loading routing resource graph took 0.66 seconds (max_rss 344.6 MiB, delta_rss +306.9 MiB)
  RR Graph Nodes: 1396446
  RR Graph Edges: 2337988
# Create Device took 2.23 seconds (max_rss 392.1 MiB, delta_rss +354.5 MiB)

# Computing router lookahead map
## Computing wire lookahead
Warning 5: Unable to find any sample location for segment CHANX type 'generic' (length 1)
Warning 6: Unable to find any sample location for segment CHANY type 'generic' (length 1)
Warning 7: Unable to find any sample location for segment CHANX type 'pad' (length 1)
Warning 8: Unable to find any sample location for segment CHANY type 'pad' (length 1)
## Computing wire lookahead took 45.28 seconds (max_rss 392.1 MiB, delta_rss +0.0 MiB)
## Computing src/opin lookahead
## Computing src/opin lookahead took 0.00 seconds (max_rss 392.1 MiB, delta_rss +0.0 MiB)
# Computing router lookahead map took 45.28 seconds (max_rss 392.1 MiB, delta_rss +0.0 MiB)
# Placement
## Computing placement delta delay look-up
  RR Graph Nodes: 1396446
  RR Graph Edges: 2337988
## Computing placement delta delay look-up took 1.43 seconds (max_rss 450.1 MiB, delta_rss +58.0 MiB)
Warning 9: CHANX place cost fac is 0 at 2 2
Warning 10: CHANX place cost fac is 0 at 34 34
Warning 11: CHANY place cost fac is 0 at 38 38
## Initial Placement
Reading helloworldfpga_constraints.place.

Successfully read helloworldfpga_constraints.place.

## Initial Placement took 0.00 seconds (max_rss 450.1 MiB, delta_rss +0.0 MiB)

There are 1033 point to point connections in this circuit.


BB estimate of min-dist (placement) wire length: 4278

Completed placement consistency check successfully.
Initial placement cost: 1 bb_cost: 6.34785 td_cost: 1.96938e-06
Initial placement estimated Critical Path Delay (CPD): 99.8381 ns
Initial placement estimated setup Total Negative Slack (sTNS): -2530.39 ns
Initial placement estimated setup Worst Negative Slack (sWNS): -99.8381 ns

Initial placement estimated setup slack histogram:
[   -1e-07: -9.1e-08) 16 ( 53.3%) |************************************************
[ -9.1e-08: -8.3e-08)  9 ( 30.0%) |***************************
[ -8.3e-08: -7.5e-08)  1 (  3.3%) |***
[ -7.5e-08: -6.6e-08)  0 (  0.0%) |
[ -6.6e-08: -5.8e-08)  0 (  0.0%) |
[ -5.8e-08:   -5e-08)  0 (  0.0%) |
[   -5e-08: -4.1e-08)  0 (  0.0%) |
[ -4.1e-08: -3.3e-08)  0 (  0.0%) |
[ -3.3e-08: -2.5e-08)  3 ( 10.0%) |*********
[ -2.5e-08: -1.6e-08)  1 (  3.3%) |***
Placement contains 0 placement macros involving 0 blocks (average macro size nan)

Moves per temperature: 229
Warning 12: Starting t: 58 of 59 configurations accepted.

---- ------ ------- ------- ---------- ---------- ------- ---------- -------- ------- ------- ------ -------- --------- ------
Tnum   Time       T Av Cost Av BB Cost Av TD Cost     CPD       sTNS     sWNS Ac Rate Std Dev  R lim Crit Exp Tot Moves  Alpha
      (sec)                                          (ns)       (ns)     (ns)                                                 
---- ------ ------- ------- ---------- ---------- ------- ---------- -------- ------- ------- ------ -------- --------- ------
   1    0.0 4.4e-01   0.945       6.20 1.9773e-06 114.847  -2.77e+03 -114.847   0.943  0.0329   38.0     1.00       229  0.200
   2    0.0 4.0e-01   1.053       6.19 1.9818e-06 109.786  -2.76e+03 -109.786   0.930  0.0235   38.0     1.00       458  0.900
   3    0.0 3.6e-01   0.993       6.37 2.0636e-06  98.576  -2.56e+03  -98.576   0.930  0.0388   38.0     1.00       687  0.900
   4    0.0 3.2e-01   0.996       6.15 1.9445e-06 107.777  -2.53e+03 -107.777   0.917  0.0269   38.0     1.00       916  0.900
   5    0.0 2.9e-01   1.010       6.37 2.0706e-06 107.800  -2.64e+03 -107.800   0.943  0.0269   38.0     1.00      1145  0.900
   6    0.0 2.6e-01   0.988       6.13 1.9663e-06 102.998  -2.61e+03 -102.998   0.926  0.0216   38.0     1.00      1374  0.900
   7    0.0 2.3e-01   1.035       6.27 1.942e-06  103.078  -2.56e+03 -103.078   0.943  0.0239   38.0     1.00      1603  0.900
   8    0.0 2.1e-01   1.019       6.31 2.0844e-06 111.122  -2.83e+03 -111.122   0.952  0.0378   38.0     1.00      1832  0.900
   9    0.0 1.9e-01   1.048       6.50 1.9828e-06 134.411  -3.38e+03 -134.411   0.934  0.0224   38.0     1.00      2061  0.900
  10    0.0 1.7e-01   0.913       6.30 1.9773e-06 115.796  -2.81e+03 -115.796   0.956  0.0321   38.0     1.00      2290  0.900
  11    0.0 1.5e-01   1.014       6.30 2.0264e-06 109.875  -2.77e+03 -109.875   0.917  0.0198   38.0     1.00      2519  0.900
  12    0.0 1.4e-01   0.989       6.25 1.9759e-06 114.392  -2.84e+03 -114.392   0.934  0.0192   38.0     1.00      2748  0.900
  13    0.0 1.2e-01   0.969       6.25 1.9953e-06 104.935  -2.66e+03 -104.935   0.952  0.0212   38.0     1.00      2977  0.900
  14    0.0 1.1e-01   0.966       6.29 1.9679e-06 100.595  -2.57e+03 -100.595   0.908  0.0392   38.0     1.00      3206  0.900
  15    0.0 1.0e-01   1.032       6.40 1.961e-06  106.816  -2.64e+03 -106.816   0.895  0.0345   38.0     1.00      3435  0.900
  16    0.0 9.1e-02   1.000       6.32 1.9167e-06 106.393  -2.59e+03 -106.393   0.926  0.0425   38.0     1.00      3664  0.900
  17    0.0 8.2e-02   1.025       6.28 1.9078e-06 111.213  -2.85e+03 -111.213   0.952  0.0214   38.0     1.00      3893  0.900
  18    0.0 7.4e-02   0.981       6.27 1.9328e-06 111.573  -2.76e+03 -111.573   0.913  0.0269   38.0     1.00      4122  0.900
  19    0.0 6.6e-02   1.002       6.31 2.0258e-06 102.778  -2.63e+03 -102.778   0.934  0.0181   38.0     1.00      4351  0.900
  20    0.0 6.0e-02   1.016       6.24 1.9911e-06 103.579  -2.55e+03 -103.579   0.908  0.0495   38.0     1.00      4580  0.900
  21    0.0 5.4e-02   0.986       5.96 1.9363e-06 101.562   -2.5e+03 -101.562   0.891  0.0190   38.0     1.00      4809  0.900
  22    0.0 4.8e-02   1.009       6.03 1.9255e-06 105.365  -2.59e+03 -105.365   0.913  0.0306   38.0     1.00      5038  0.900
  23    0.0 4.3e-02   0.990       6.12 2.0087e-06 102.195  -2.48e+03 -102.195   0.869  0.0363   38.0     1.00      5267  0.900
  24    0.0 3.9e-02   0.962       6.34 1.8938e-06 129.508  -3.18e+03 -129.508   0.873  0.0200   38.0     1.00      5496  0.900
  25    0.0 3.5e-02   0.989       6.16 2.0642e-06 102.286  -2.68e+03 -102.286   0.895  0.0225   38.0     1.00      5725  0.900
  26    0.0 3.2e-02   1.034       6.04 1.9916e-06  95.513  -2.38e+03  -95.513   0.834  0.0262   38.0     1.00      5954  0.900
  27    0.0 2.8e-02   1.035       6.15 1.9562e-06 106.775  -2.74e+03 -106.775   0.852  0.0300   38.0     1.00      6183  0.900
  28    0.0 2.6e-02   1.030       6.17 2.0038e-06 107.716  -2.71e+03 -107.716   0.825  0.0260   38.0     1.00      6412  0.900
  29    0.0 2.3e-02   1.006       6.15 1.8828e-06 100.112  -2.41e+03 -100.112   0.803  0.0172   38.0     1.00      6641  0.900
  30    0.0 2.1e-02   0.985       5.96 1.8423e-06 109.396  -2.68e+03 -109.396   0.847  0.0229   38.0     1.00      6870  0.900
  31    0.0 1.9e-02   1.030       6.21 1.8875e-06 112.418  -2.75e+03 -112.418   0.764  0.0227   38.0     1.00      7099  0.900
  32    0.0 1.8e-02   0.998       6.13 1.9176e-06 101.200  -2.58e+03 -101.200   0.782  0.0367   38.0     1.00      7328  0.950
  33    0.0 1.7e-02   1.021       5.72 1.7742e-06  95.283  -2.43e+03  -95.283   0.755  0.0236   38.0     1.00      7557  0.950
  34    0.0 1.6e-02   1.010       5.85 1.871e-06  108.703  -2.74e+03 -108.703   0.812  0.0255   38.0     1.00      7786  0.950
  35    0.0 1.4e-02   1.018       5.97 1.8902e-06 104.297   -2.6e+03 -104.297   0.769  0.0188   38.0     1.00      8015  0.900
  36    0.0 1.4e-02   1.013       6.07 2.0419e-06  98.827  -2.49e+03  -98.827   0.799  0.0175   38.0     1.00      8244  0.950
  37    0.0 1.3e-02   0.978       5.87 1.9093e-06 113.152  -2.76e+03 -113.152   0.769  0.0294   38.0     1.00      8473  0.950
  38    0.0 1.2e-02   1.079       5.87 1.7738e-06 107.725  -2.56e+03 -107.725   0.725  0.0525   38.0     1.00      8702  0.950
  39    0.0 1.2e-02   1.017       5.96 1.8237e-06 106.583  -2.68e+03 -106.583   0.703  0.0224   38.0     1.00      8931  0.950
  40    0.0 1.1e-02   0.962       5.43 1.704e-06  115.343   -2.9e+03 -115.343   0.638  0.0592   38.0     1.00      9160  0.950
  41    0.0 1.1e-02   1.008       5.27 1.6744e-06  95.590  -2.43e+03  -95.590   0.603  0.0267   38.0     1.00      9389  0.950
  42    0.0 1.0e-02   0.985       5.50 1.7487e-06 101.857  -2.56e+03 -101.857   0.633  0.0221   38.0     1.00      9618  0.950
  43    0.0 9.6e-03   0.991       5.48 1.7531e-06  93.282  -2.38e+03  -93.282   0.550  0.0270   38.0     1.00      9847  0.950
  44    0.0 9.1e-03   0.992       5.40 1.695e-06   93.750  -2.37e+03  -93.750   0.568  0.0360   38.0     1.00     10076  0.950
  45    0.0 8.6e-03   1.052       5.42 1.7256e-06  85.545  -2.16e+03  -85.545   0.585  0.0295   38.0     1.00     10305  0.950
  46    0.0 8.2e-03   1.035       5.53 1.6949e-06  97.172  -2.37e+03  -97.172   0.572  0.0132   38.0     1.00     10534  0.950
  47    0.0 7.8e-03   1.003       5.48 1.7337e-06  91.540  -2.32e+03  -91.540   0.533  0.0302   38.0     1.00     10763  0.950
  48    0.0 7.4e-03   0.980       5.31 1.6626e-06 105.238  -2.58e+03 -105.238   0.563  0.0203   38.0     1.00     10992  0.950
  49    0.0 7.0e-03   0.957       5.08 1.6236e-06 100.473  -2.42e+03 -100.473   0.537  0.0165   38.0     1.00     11221  0.950
  50    0.0 6.7e-03   1.005       5.34 1.5932e-06  94.702  -2.44e+03  -94.702   0.489  0.0131   38.0     1.00     11450  0.950
  51    0.0 6.3e-03   0.968       5.10 1.5927e-06 105.352  -2.64e+03 -105.352   0.489  0.0133   38.0     1.00     11679  0.950
  52    0.0 6.0e-03   0.998       5.10 1.6188e-06  96.912  -2.47e+03  -96.912   0.450  0.0184   38.0     1.00     11908  0.950
  53    0.0 5.7e-03   0.999       5.27 1.584e-06   93.124  -2.37e+03  -93.124   0.459  0.0223   38.0     1.00     12137  0.950
  54    0.0 5.4e-03   1.022       4.89 1.5955e-06  92.260  -2.38e+03  -92.260   0.345  0.0122   38.0     1.00     12366  0.950
  55    0.0 5.2e-03   0.955       4.70 1.2961e-06  82.918   -2.1e+03  -82.918   0.328  0.0150   34.4     1.68     12595  0.950
  56    0.0 4.9e-03   1.005       4.72 1.1047e-06  72.717  -1.84e+03  -72.717   0.389  0.0172   30.5     2.41     12824  0.950
  57    0.0 4.7e-03   0.982       4.51 9.1054e-07  81.116  -2.06e+03  -81.116   0.288  0.0125   29.0     2.71     13053  0.950
  58    0.0 4.4e-03   0.994       4.45 8.0704e-07  84.144  -2.16e+03  -84.144   0.253  0.0173   24.6     3.54     13282  0.950
  59    0.0 4.2e-03   1.042       4.55 8.4213e-07  78.585  -2.02e+03  -78.585   0.380  0.0236   20.0     4.41     13511  0.950
  60    0.0 4.0e-03   0.952       4.57 7.864e-07   82.362  -2.14e+03  -82.362   0.358  0.0227   18.8     4.64     13740  0.950
  61    0.0 3.8e-03   0.992       4.54 7.6234e-07  75.686  -1.91e+03  -75.686   0.271  0.0126   17.2     4.93     13969  0.950
  62    0.0 3.6e-03   0.975       4.35 7.1407e-07  85.391  -2.11e+03  -85.391   0.314  0.0130   14.3     5.48     14198  0.950
  63    0.0 3.4e-03   0.985       4.14 6.7484e-07  75.934  -1.94e+03  -75.934   0.328  0.0123   12.5     5.82     14427  0.950
  64    0.0 3.3e-03   0.944       3.93 6.5597e-07  74.645  -1.93e+03  -74.645   0.258  0.0217   11.1     6.09     14656  0.950
  65    0.0 3.1e-03   0.972       3.79 5.7471e-07  75.213  -1.93e+03  -75.213   0.279  0.0189    9.1     6.47     14885  0.950
  66    0.0 2.9e-03   1.017       3.84 4.9418e-07  71.739  -1.85e+03  -71.739   0.323  0.0085    7.6     6.75     15114  0.950
  67    0.0 2.8e-03   1.004       3.86 6.278e-07   65.720  -1.72e+03  -65.720   0.354  0.0089    6.7     6.91     15343  0.950
  68    0.0 2.7e-03   0.992       3.79 6.5434e-07  64.833  -1.71e+03  -64.833   0.441  0.0128    6.2     7.02     15572  0.950
  69    0.0 2.5e-03   0.980       3.67 5.8044e-07  66.074  -1.73e+03  -66.074   0.362  0.0111    6.2     7.02     15801  0.950
  70    0.0 2.4e-03   0.982       3.59 6.1165e-07  62.435  -1.63e+03  -62.435   0.310  0.0101    5.7     7.11     16030  0.950
  71    0.0 2.3e-03   1.001       3.62 6.1851e-07  60.828  -1.63e+03  -60.828   0.432  0.0096    4.9     7.25     16259  0.950
  72    0.0 2.2e-03   1.014       3.62 5.7328e-07  64.872  -1.71e+03  -64.872   0.336  0.0096    4.9     7.26     16488  0.950
  73    0.0 2.1e-03   0.983       3.57 5.1867e-07  60.049  -1.58e+03  -60.049   0.349  0.0136    4.4     7.36     16717  0.950
  74    0.0 2.0e-03   1.008       3.53 5.7015e-07  67.732   -1.8e+03  -67.732   0.450  0.0040    4.0     7.43     16946  0.950
  75    0.0 1.9e-03   0.974       3.44 4.745e-07   65.206  -1.68e+03  -65.206   0.380  0.0132    4.0     7.43     17175  0.950
  76    0.0 1.8e-03   0.984       3.37 4.7556e-07  62.581   -1.6e+03  -62.581   0.406  0.0069    3.8     7.47     17404  0.950
  77    0.0 1.7e-03   0.981       3.30 4.5056e-07  60.430  -1.55e+03  -60.430   0.323  0.0090    3.7     7.50     17633  0.950
  78    0.0 1.6e-03   1.008       3.35 5.8118e-07  54.567  -1.44e+03  -54.567   0.345  0.0075    3.2     7.58     17862  0.950
  79    0.0 1.5e-03   0.997       3.34 4.9584e-07  60.351  -1.55e+03  -60.351   0.384  0.0049    2.9     7.63     18091  0.950
  80    0.0 1.4e-03   1.003       3.31 5.6999e-07  55.362  -1.47e+03  -55.362   0.362  0.0062    2.8     7.67     18320  0.950
  81    0.0 1.4e-03   0.985       3.25 5.443e-07   57.650  -1.53e+03  -57.650   0.279  0.0080    2.6     7.71     18549  0.950
  82    0.0 1.3e-03   0.985       3.22 4.2143e-07  59.731  -1.53e+03  -59.731   0.310  0.0045    2.1     7.78     18778  0.950
  83    0.0 1.2e-03   0.993       3.18 4.5354e-07  57.840  -1.47e+03  -57.840   0.371  0.0064    1.9     7.84     19007  0.950
  84    0.0 1.2e-03   0.999       3.21 4.4977e-07  59.450  -1.52e+03  -59.450   0.384  0.0021    1.7     7.86     19236  0.950
  85    0.0 1.1e-03   0.999       3.20 4.9034e-07  60.548  -1.58e+03  -60.548   0.354  0.0026    1.6     7.88     19465  0.950
  86    0.0 1.1e-03   0.991       3.20 4.0942e-07  61.495  -1.55e+03  -61.495   0.323  0.0035    1.5     7.91     19694  0.950
  87    0.0 1.0e-03   0.996       3.16 4.2901e-07  59.242  -1.53e+03  -59.242   0.293  0.0016    1.3     7.94     19923  0.950
  88    0.0 9.5e-04   0.994       3.13 4.1985e-07  60.828  -1.55e+03  -60.828   0.345  0.0038    1.1     7.98     20152  0.950
  89    0.0 9.0e-04   0.987       3.11 4.8014e-07  55.668  -1.44e+03  -55.668   0.341  0.0073    1.0     8.00     20381  0.950
  90    0.0 8.6e-04   1.002       3.09 4.8455e-07  57.362  -1.49e+03  -57.362   0.323  0.0027    1.0     8.00     20610  0.950
  91    0.0 8.2e-04   0.992       3.10 4.1072e-07  59.939  -1.53e+03  -59.939   0.314  0.0053    1.0     8.00     20839  0.950
  92    0.0 7.7e-04   0.996       3.06 3.6392e-07  61.976  -1.58e+03  -61.976   0.279  0.0061    1.0     8.00     21068  0.950
  93    0.0 7.4e-04   0.998       3.05 4.7584e-07  56.743  -1.47e+03  -56.743   0.288  0.0024    1.0     8.00     21297  0.950
  94    0.0 7.0e-04   0.987       3.01 4.9693e-07  55.551  -1.47e+03  -55.551   0.223  0.0077    1.0     8.00     21526  0.950
  95    0.0 6.6e-04   1.001       2.98 4.8651e-07  56.032  -1.47e+03  -56.032   0.240  0.0013    1.0     8.00     21755  0.950
  96    0.0 6.3e-04   0.996       2.99 4.4706e-07  56.302  -1.44e+03  -56.302   0.197  0.0035    1.0     8.00     21984  0.950
  97    0.0 6.0e-04   0.998       2.97 4.5841e-07  57.181   -1.5e+03  -57.181   0.236  0.0028    1.0     8.00     22213  0.950
  98    0.0 5.7e-04   0.991       2.93 4.4388e-07  55.558  -1.44e+03  -55.558   0.183  0.0047    1.0     8.00     22442  0.950
  99    0.0 5.4e-04   1.002       2.93 4.1991e-07  54.281  -1.39e+03  -54.281   0.122  0.0022    1.0     8.00     22671  0.950
 100    0.0 4.3e-04   1.001       2.95 4.3549e-07  55.621  -1.43e+03  -55.621   0.166  0.0019    1.0     8.00     22900  0.800
 101    0.0 4.1e-04   0.990       2.92 4.5162e-07  55.607  -1.44e+03  -55.607   0.144  0.0040    1.0     8.00     23129  0.950
 102    0.0 3.3e-04   1.000       2.93 4.2163e-07  54.639   -1.4e+03  -54.639   0.109  0.0010    1.0     8.00     23358  0.800
 103    0.0 2.6e-04   0.997       2.93 4.0274e-07  54.937   -1.4e+03  -54.937   0.070  0.0004    1.0     8.00     23587  0.800
 104    0.0 2.1e-04   0.999       2.92 4.263e-07   55.659  -1.43e+03  -55.659   0.070  0.0006    1.0     8.00     23816  0.800
 105    0.0 1.7e-04   0.999       2.91 4.3122e-07  55.443  -1.43e+03  -55.443   0.052  0.0010    1.0     8.00     24045  0.800
 106    0.0 1.3e-04   0.999       2.91 4.2524e-07  55.606  -1.43e+03  -55.606   0.061  0.0002    1.0     8.00     24274  0.800
 107    0.0 1.1e-04   0.999       2.90 4.3074e-07  55.443  -1.43e+03  -55.443   0.039  0.0004    1.0     8.00     24503  0.800
 108    0.0 8.6e-05   0.997       2.90 4.1594e-07  55.619  -1.44e+03  -55.619   0.031  0.0013    1.0     8.00     24732  0.800
 109    0.0 6.9e-05   1.000       2.90 4.0097e-07  55.013   -1.4e+03  -55.013   0.009  0.0002    1.0     8.00     24961  0.800
 110    0.0 0.0e+00   0.999       2.91 4.2362e-07  54.189  -1.41e+03  -54.189   0.013  0.0012    1.0     8.00     25190  0.800
## Placement Quench took 0.00 seconds (max_rss 450.1 MiB)

BB estimate of min-dist (placement) wire length: 1928

Completed placement consistency check successfully.

Swaps called: 25249

Aborted Move Reasons:
  No moves aborted

Placement estimated critical path delay (least slack): 55.0128 ns, Fmax: 18.1776 MHz
Placement estimated setup Worst Negative Slack (sWNS): -55.0128 ns
Placement estimated setup Total Negative Slack (sTNS): -1403.81 ns

Placement estimated setup slack histogram:
[ -5.5e-08: -5.1e-08)  5 ( 16.7%) |***********
[ -5.1e-08: -4.6e-08) 21 ( 70.0%) |************************************************
[ -4.6e-08: -4.2e-08)  0 (  0.0%) |
[ -4.2e-08: -3.7e-08)  0 (  0.0%) |
[ -3.7e-08: -3.3e-08)  0 (  0.0%) |
[ -3.3e-08: -2.8e-08)  3 ( 10.0%) |*******
[ -2.8e-08: -2.4e-08)  0 (  0.0%) |
[ -2.4e-08:   -2e-08)  0 (  0.0%) |
[   -2e-08: -1.5e-08)  0 (  0.0%) |
[ -1.5e-08: -1.1e-08)  1 (  3.3%) |**

Placement estimated geomean non-virtual intra-domain period: 55.0128 ns (18.1776 MHz)
Placement estimated fanout-weighted geomean non-virtual intra-domain period: 55.0128 ns (18.1776 MHz)

Placement cost: 0.997536, bb_cost: 2.90175, td_cost: 4.01673e-07, 

Placement resource usage:
  PB-LOGIC   implemented as TL-LOGIC  : 53
  PB-SYN_VCC implemented as TL-SYN_VCC: 1
  PB-BIDIR   implemented as TL-BIDIR  : 3
  PB-SYN_GND implemented as TL-SYN_GND: 1
  PB-ASSP    implemented as TL-ASSP   : 1

Placement number of temperatures: 110
Placement total # of swap attempts: 25249
	Swaps accepted: 13176 (52.2 %)
	Swaps rejected: 10745 (42.6 %)
	Swaps aborted :  1328 ( 5.3 %)
Placement Quench timing analysis took 0.000211384 seconds (0.00016523 STA, 4.6154e-05 slack) (1 full updates: 1 setup, 0 hold, 0 combined).
Placement Total  timing analysis took 0.0262806 seconds (0.0212018 STA, 0.00507876 slack) (112 full updates: 112 setup, 0 hold, 0 combined).
update_td_costs: connections 0 nets 0 sum_nets 0 total 0
Incr Slack updates 112 in 0.00141746 sec
Full Max Req/Worst Slack updates 86 in 0.000352922 sec
Incr Max Req/Worst Slack updates 26 in 0.000102153 sec
Incr Criticality updates 0 in 0 sec
Full Criticality updates 112 in 0.00234355 sec
# Placement took 1.55 seconds (max_rss 450.1 MiB, delta_rss +58.0 MiB)

Flow timing analysis took 0.0262806 seconds (0.0212018 STA, 0.00507876 slack) (112 full updates: 112 setup, 0 hold, 0 combined).
VPR succeeded
The entire flow of VPR took 49.82 seconds (max_rss 450.1 MiB)
