#Timing report of worst 1 path(s)
# Unit scale: 1e-09 seconds
# Output precision: 3

#Path 1
Startpoint: X.inpad[0] (.input clocked by virtual_io_clock)
Endpoint  : out:out.outpad[0] (.output clocked by virtual_io_clock)
Path Type : setup

Point                                                                          Incr      Path
---------------------------------------------------------------------------------------------
clock virtual_io_clock (rise edge)                                            0.000     0.000
clock source latency                                                          0.000     0.000
input external delay                                                          0.000     0.000
X.inpad[0] (.input)                                                           0.000     0.000
$iopadmap$helloworldfpga.X.I_PAD_$inp[0] (BIDIR_CELL)                         0.000     0.000
$iopadmap$helloworldfpga.X.I_DAT[0] (BIDIR_CELL)                             10.958    10.958
out_LUT3_O.t_frag.XAB[0] (T_FRAG)                                             6.636    17.594
out_LUT3_O.t_frag.XZ[0] (T_FRAG)                                              1.305    18.899
$iopadmap$helloworldfpga.out.O_DAT[0] (BIDIR_CELL)                            5.917    24.816
$iopadmap$helloworldfpga.out.O_PAD_$out[0] (BIDIR_CELL)                       9.809    34.625
out:out.outpad[0] (.output)                                                   0.000    34.625
data arrival time                                                                      34.625

clock virtual_io_clock (rise edge)                                            0.000     0.000
clock source latency                                                          0.000     0.000
clock uncertainty                                                             0.000     0.000
output external delay                                                         0.000     0.000
data required time                                                                      0.000
---------------------------------------------------------------------------------------------
data required time                                                                      0.000
data arrival time                                                                     -34.625
---------------------------------------------------------------------------------------------
slack (VIOLATED)                                                                      -34.625


#End of timing report
