#Timing report of worst 1 path(s)
# Unit scale: 1e-09 seconds
# Output precision: 3

#Path 1
Startpoint: Y.inpad[0] (.input clocked by virtual_io_clock)
Endpoint  : out:out.outpad[0] (.output clocked by virtual_io_clock)
Path Type : hold

Point                                                                          Incr      Path
---------------------------------------------------------------------------------------------
clock virtual_io_clock (rise edge)                                            0.000     0.000
clock source latency                                                          0.000     0.000
input external delay                                                          0.000     0.000
Y.inpad[0] (.input)                                                           0.000     0.000
$iopadmap$helloworldfpga.Y.I_PAD_$inp[0] (BIDIR_CELL)                         0.000     0.000
$iopadmap$helloworldfpga.Y.I_DAT[0] (BIDIR_CELL)                             10.153    10.153
out_LUT3_O.t_frag.XSL[0] (T_FRAG)                                             6.176    16.329
out_LUT3_O.t_frag.XZ[0] (T_FRAG)                                              1.041    17.371
$iopadmap$helloworldfpga.out.O_DAT[0] (BIDIR_CELL)                            5.917    23.288
$iopadmap$helloworldfpga.out.O_PAD_$out[0] (BIDIR_CELL)                       9.726    33.014
out:out.outpad[0] (.output)                                                   0.000    33.014
data arrival time                                                                      33.014

clock virtual_io_clock (rise edge)                                            0.000     0.000
clock source latency                                                          0.000     0.000
clock uncertainty                                                             0.000     0.000
output external delay                                                         0.000     0.000
data required time                                                                      0.000
---------------------------------------------------------------------------------------------
data required time                                                                     -0.000
data arrival time                                                                      33.014
---------------------------------------------------------------------------------------------
slack (MET)                                                                            33.014


#End of timing report
