This is pdfTeX, Version 3.141592653-2.6-1.40.24 (TeX Live 2022/Debian) (preloaded format=pdflatex 2025.5.14)  29 MAY 2025 15:37
entering extended mode
 restricted \write18 enabled.
 %&-line parsing enabled.
**CS2017.tex
(./CS2017.tex
LaTeX2e <2022-11-01> patch level 1
L3 programming layer <2023-01-16>
(/usr/share/texlive/texmf-dist/tex/latex/base/article.cls
Document Class: article 2022/07/02 v1.4n Standard LaTeX document class
(/usr/share/texlive/texmf-dist/tex/latex/base/size11.clo
File: size11.clo 2022/07/02 v1.4n Standard LaTeX file (size option)
)
\c@part=\count185
\c@section=\count186
\c@subsection=\count187
\c@subsubsection=\count188
\c@paragraph=\count189
\c@subparagraph=\count190
\c@figure=\count191
\c@table=\count192
\abovecaptionskip=\skip48
\belowcaptionskip=\skip49
\bibindent=\dimen140
)
(/usr/share/texlive/texmf-dist/tex/latex/amsmath/amsmath.sty
Package: amsmath 2022/04/08 v2.17n AMS math features
\@mathmargin=\skip50

For additional information on amsmath, use the `?' option.
(/usr/share/texlive/texmf-dist/tex/latex/amsmath/amstext.sty
Package: amstext 2021/08/26 v2.01 AMS text

(/usr/share/texlive/texmf-dist/tex/latex/amsmath/amsgen.sty
File: amsgen.sty 1999/11/30 v2.0 generic functions
\@emptytoks=\toks16
\ex@=\dimen141
))
(/usr/share/texlive/texmf-dist/tex/latex/amsmath/amsbsy.sty
Package: amsbsy 1999/11/29 v1.2d Bold Symbols
\pmbraise@=\dimen142
)
(/usr/share/texlive/texmf-dist/tex/latex/amsmath/amsopn.sty
Package: amsopn 2022/04/08 v2.04 operator names
)
\inf@bad=\count193
LaTeX Info: Redefining \frac on input line 234.
\uproot@=\count194
\leftroot@=\count195
LaTeX Info: Redefining \overline on input line 399.
LaTeX Info: Redefining \colon on input line 410.
\classnum@=\count196
\DOTSCASE@=\count197
LaTeX Info: Redefining \ldots on input line 496.
LaTeX Info: Redefining \dots on input line 499.
LaTeX Info: Redefining \cdots on input line 620.
\Mathstrutbox@=\box51
\strutbox@=\box52
LaTeX Info: Redefining \big on input line 722.
LaTeX Info: Redefining \Big on input line 723.
LaTeX Info: Redefining \bigg on input line 724.
LaTeX Info: Redefining \Bigg on input line 725.
\big@size=\dimen143
LaTeX Font Info:    Redeclaring font encoding OML on input line 743.
LaTeX Font Info:    Redeclaring font encoding OMS on input line 744.
\macc@depth=\count198
LaTeX Info: Redefining \bmod on input line 905.
LaTeX Info: Redefining \pmod on input line 910.
LaTeX Info: Redefining \smash on input line 940.
LaTeX Info: Redefining \relbar on input line 970.
LaTeX Info: Redefining \Relbar on input line 971.
\c@MaxMatrixCols=\count199
\dotsspace@=\muskip16
\c@parentequation=\count266
\dspbrk@lvl=\count267
\tag@help=\toks17
\row@=\count268
\column@=\count269
\maxfields@=\count270
\andhelp@=\toks18
\eqnshift@=\dimen144
\alignsep@=\dimen145
\tagshift@=\dimen146
\tagwidth@=\dimen147
\totwidth@=\dimen148
\lineht@=\dimen149
\@envbody=\toks19
\multlinegap=\skip51
\multlinetaggap=\skip52
\mathdisplay@stack=\toks20
LaTeX Info: Redefining \[ on input line 2953.
LaTeX Info: Redefining \] on input line 2954.
)
(/usr/share/texlive/texmf-dist/tex/latex/amsfonts/amssymb.sty
Package: amssymb 2013/01/14 v3.01 AMS font symbols

(/usr/share/texlive/texmf-dist/tex/latex/amsfonts/amsfonts.sty
Package: amsfonts 2013/01/14 v3.01 Basic AMSFonts support
\symAMSa=\mathgroup4
\symAMSb=\mathgroup5
LaTeX Font Info:    Redeclaring math symbol \hbar on input line 98.
LaTeX Font Info:    Overwriting math alphabet `\mathfrak' in version `bold'
(Font)                  U/euf/m/n --> U/euf/b/n on input line 106.
))
(/usr/share/texlive/texmf-dist/tex/latex/graphics/graphicx.sty
Package: graphicx 2021/09/16 v1.2d Enhanced LaTeX Graphics (DPC,SPQR)

(/usr/share/texlive/texmf-dist/tex/latex/graphics/keyval.sty
Package: keyval 2022/05/29 v1.15 key=value parser (DPC)
\KV@toks@=\toks21
)
(/usr/share/texlive/texmf-dist/tex/latex/graphics/graphics.sty
Package: graphics 2022/03/10 v1.4e Standard LaTeX Graphics (DPC,SPQR)

(/usr/share/texlive/texmf-dist/tex/latex/graphics/trig.sty
Package: trig 2021/08/11 v1.11 sin cos tan (DPC)
)
(/usr/share/texlive/texmf-dist/tex/latex/graphics-cfg/graphics.cfg
File: graphics.cfg 2016/06/04 v1.11 sample graphics configuration
)
Package graphics Info: Driver file: pdftex.def on input line 107.

(/usr/share/texlive/texmf-dist/tex/latex/graphics-def/pdftex.def
File: pdftex.def 2022/09/22 v1.2b Graphics/color driver for pdftex
))
\Gin@req@height=\dimen150
\Gin@req@width=\dimen151
)
(/usr/share/texlive/texmf-dist/tex/latex/tools/tabularx.sty
Package: tabularx 2020/01/15 v2.11c `tabularx' package (DPC)

(/usr/share/texlive/texmf-dist/tex/latex/tools/array.sty
Package: array 2022/09/04 v2.5g Tabular extension package (FMi)
\col@sep=\dimen152
\ar@mcellbox=\box53
\extrarowheight=\dimen153
\NC@list=\toks22
\extratabsurround=\skip53
\backup@length=\skip54
\ar@cellbox=\box54
)
\TX@col@width=\dimen154
\TX@old@table=\dimen155
\TX@old@col=\dimen156
\TX@target=\dimen157
\TX@delta=\dimen158
\TX@cols=\count271
\TX@ftn=\toks23
)
(/usr/share/texlive/texmf-dist/tex/latex/fancyhdr/fancyhdr.sty
Package: fancyhdr 2022/11/09 v4.1 Extensive control of page headers and footers

\f@nch@headwidth=\skip55
\f@nch@O@elh=\skip56
\f@nch@O@erh=\skip57
\f@nch@O@olh=\skip58
\f@nch@O@orh=\skip59
\f@nch@O@elf=\skip60
\f@nch@O@erf=\skip61
\f@nch@O@olf=\skip62
\f@nch@O@orf=\skip63
)
(/usr/share/texlive/texmf-dist/tex/latex/lastpage/lastpage.sty
Package: lastpage 2021/09/03 v1.2n Refers to last page's name (HMM; JPG)
)
(/usr/share/texlive/texmf-dist/tex/latex/geometry/geometry.sty
Package: geometry 2020/01/02 v5.9 Page Geometry

(/usr/share/texlive/texmf-dist/tex/generic/iftex/ifvtex.sty
Package: ifvtex 2019/10/25 v1.7 ifvtex legacy package. Use iftex instead.

(/usr/share/texlive/texmf-dist/tex/generic/iftex/iftex.sty
Package: iftex 2022/02/03 v1.0f TeX engine tests
))
\Gm@cnth=\count272
\Gm@cntv=\count273
\c@Gm@tempcnt=\count274
\Gm@bindingoffset=\dimen159
\Gm@wd@mp=\dimen160
\Gm@odd@mp=\dimen161
\Gm@even@mp=\dimen162
\Gm@layoutwidth=\dimen163
\Gm@layoutheight=\dimen164
\Gm@layouthoffset=\dimen165
\Gm@layoutvoffset=\dimen166
\Gm@dimlist=\toks24
)
(/usr/share/texlive/texmf-dist/tex/latex/l3backend/l3backend-pdftex.def
File: l3backend-pdftex.def 2023-01-16 L3 backend support: PDF output (pdfTeX)
\l__color_backend_stack_int=\count275
\l__pdf_internal_box=\box55
)
(./CS2017.aux)
\openout1 = `CS2017.aux'.

LaTeX Font Info:    Checking defaults for OML/cmm/m/it on input line 27.
LaTeX Font Info:    ... okay on input line 27.
LaTeX Font Info:    Checking defaults for OMS/cmsy/m/n on input line 27.
LaTeX Font Info:    ... okay on input line 27.
LaTeX Font Info:    Checking defaults for OT1/cmr/m/n on input line 27.
LaTeX Font Info:    ... okay on input line 27.
LaTeX Font Info:    Checking defaults for T1/cmr/m/n on input line 27.
LaTeX Font Info:    ... okay on input line 27.
LaTeX Font Info:    Checking defaults for TS1/cmr/m/n on input line 27.
LaTeX Font Info:    ... okay on input line 27.
LaTeX Font Info:    Checking defaults for OMX/cmex/m/n on input line 27.
LaTeX Font Info:    ... okay on input line 27.
LaTeX Font Info:    Checking defaults for U/cmr/m/n on input line 27.
LaTeX Font Info:    ... okay on input line 27.

(/usr/share/texlive/texmf-dist/tex/context/base/mkii/supp-pdf.mkii
[Loading MPS to PDF converter (version 2006.09.02).]
\scratchcounter=\count276
\scratchdimen=\dimen167
\scratchbox=\box56
\nofMPsegments=\count277
\nofMParguments=\count278
\everyMPshowfont=\toks25
\MPscratchCnt=\count279
\MPscratchDim=\dimen168
\MPnumerator=\count280
\makeMPintoPDFobject=\count281
\everyMPtoPDFconversion=\toks26
) (/usr/share/texlive/texmf-dist/tex/latex/epstopdf-pkg/epstopdf-base.sty
Package: epstopdf-base 2020-01-24 v2.11 Base part for package epstopdf
Package epstopdf-base Info: Redefining graphics rule for `.eps' on input line 4
85.

(/usr/share/texlive/texmf-dist/tex/latex/latexconfig/epstopdf-sys.cfg
File: epstopdf-sys.cfg 2010/07/13 v1.3 Configuration of (r)epstopdf for TeX Liv
e
))
Package lastpage Info: Please have a look at the pageslts package at
(lastpage)             https://www.ctan.org/pkg/pageslts
(lastpage)             ! on input line 27.

*geometry* driver: auto-detecting
*geometry* detected driver: pdftex
*geometry* verbose mode - [ preamble ] result:
* driver: pdftex
* paper: <default>
* layout: <same size as paper>
* layoutoffset:(h,v)=(0.0pt,0.0pt)
* modes: 
* h-part:(L,W,R)=(72.26999pt, 469.75502pt, 72.26999pt)
* v-part:(T,H,B)=(72.26999pt, 650.43001pt, 72.26999pt)
* \paperwidth=614.295pt
* \paperheight=794.96999pt
* \textwidth=469.75502pt
* \textheight=650.43001pt
* \oddsidemargin=0.0pt
* \evensidemargin=0.0pt
* \topmargin=-37.0pt
* \headheight=12.0pt
* \headsep=25.0pt
* \topskip=11.0pt
* \footskip=30.0pt
* \marginparwidth=59.0pt
* \marginparsep=10.0pt
* \columnsep=10.0pt
* \skip\footins=10.0pt plus 4.0pt minus 2.0pt
* \hoffset=0.0pt
* \voffset=0.0pt
* \mag=1000
* \@twocolumnfalse
* \@twosidefalse
* \@mparswitchfalse
* \@reversemarginfalse
* (1in=72.27pt=25.4mm, 1cm=28.453pt)

LaTeX Font Info:    Trying to load font information for U+msa on input line 67.

(/usr/share/texlive/texmf-dist/tex/latex/amsfonts/umsa.fd
File: umsa.fd 2013/01/14 v3.01 AMS symbols A
)
LaTeX Font Info:    Trying to load font information for U+msb on input line 67.


(/usr/share/texlive/texmf-dist/tex/latex/amsfonts/umsb.fd
File: umsb.fd 2013/01/14 v3.01 AMS symbols B
) [1

{/var/lib/texmf/fonts/map/pdftex/updmap/pdftex.map}] [2]
<figures/10.png, id=14, 427.5975pt x 246.9225pt>
File: figures/10.png Graphic file (type png)
<use figures/10.png>
Package pdftex.def Info: figures/10.png  used on input line 123.
(pdftex.def)             Requested size: 234.8775pt x 135.63069pt.
<figures/1.png, id=16, 144.54pt x 139.27031pt>
File: figures/1.png Graphic file (type png)
<use figures/1.png>
Package pdftex.def Info: figures/1.png  used on input line 137.
(pdftex.def)             Requested size: 140.92793pt x 135.79755pt.
 [3 <./figures/10.png> <./figures/1.png>]
<figures/2.png, id=22, 195.73125pt x 150.5625pt>
File: figures/2.png Graphic file (type png)
<use figures/2.png>
Package pdftex.def Info: figures/2.png  used on input line 149.
(pdftex.def)             Requested size: 117.43875pt x 90.33818pt.
<figures/5.png, id=23, 452.4403pt x 106.14656pt>
File: figures/5.png Graphic file (type png)
<use figures/5.png>
Package pdftex.def Info: figures/5.png  used on input line 183.
(pdftex.def)             Requested size: 234.8775pt x 55.1042pt.
[4 <./figures/2.png>]
<figures/8.png, id=32, 327.47343pt x 264.23718pt>
File: figures/8.png Graphic file (type png)
<use figures/8.png>
Package pdftex.def Info: figures/8.png  used on input line 213.
(pdftex.def)             Requested size: 234.8775pt x 189.52083pt.
 [5 <./figures/5.png> <./figures/8.png>]
<figures/11.png, id=39, 237.13594pt x 136.25906pt>
File: figures/11.png Graphic file (type png)
<use figures/11.png>
Package pdftex.def Info: figures/11.png  used on input line 249.
(pdftex.def)             Requested size: 234.8775pt x 134.96548pt.
 [6 <./figures/11.png>]
<figures/12.png, id=47, 666.23906pt x 443.40656pt>
File: figures/12.png Graphic file (type png)
<use figures/12.png>
Package pdftex.def Info: figures/12.png  used on input line 260.
(pdftex.def)             Requested size: 469.75502pt x 312.64226pt.
<figures/13.png, id=48, 450.9347pt x 363.60844pt>
File: figures/13.png Graphic file (type png)
<use figures/13.png>
Package pdftex.def Info: figures/13.png  used on input line 266.
(pdftex.def)             Requested size: 234.8775pt x 189.39372pt.
 [7 <./figures/12.png> <./figures/13.png>] [8]
LaTeX Font Info:    Trying to load font information for OMS+cmr on input line 3
28.

(/usr/share/texlive/texmf-dist/tex/latex/base/omscmr.fd
File: omscmr.fd 2022/07/10 v2.5l Standard LaTeX font definitions
)
LaTeX Font Info:    Font shape `OMS/cmr/m/n' in size <10.95> not available
(Font)              Font shape `OMS/cmsy/m/n' tried instead on input line 328.
<figures/21.png, id=58, 283.81032pt x 194.22563pt>
File: figures/21.png Graphic file (type png)
<use figures/21.png>
Package pdftex.def Info: figures/21.png  used on input line 356.
(pdftex.def)             Requested size: 234.8775pt x 160.74489pt.
 [9]
<figures/23.png, id=63, 621.82312pt x 317.68687pt>
File: figures/23.png Graphic file (type png)
<use figures/23.png>
Package pdftex.def Info: figures/23.png  used on input line 369.
(pdftex.def)             Requested size: 422.77664pt x 215.99512pt.
<figures/24.png, id=64, 296.60812pt x 120.45pt>
File: figures/24.png Graphic file (type png)
<use figures/24.png>
Package pdftex.def Info: figures/24.png  used on input line 379.
(pdftex.def)             Requested size: 234.8775pt x 95.38602pt.
 [10 <./figures/21.png> <./figures/23.png> <./figures/24.png>]
<figures/27.png, id=71, 456.95718pt x 76.03406pt>
File: figures/27.png Graphic file (type png)
<use figures/27.png>
Package pdftex.def Info: figures/27.png  used on input line 405.
(pdftex.def)             Requested size: 375.80544pt x 62.53278pt.
 [11 <./figures/27.png>]
<figures/33.png, id=76, 525.46312pt x 187.45032pt>
File: figures/33.png Graphic file (type png)
<use figures/33.png>
Package pdftex.def Info: figures/33.png  used on input line 454.
(pdftex.def)             Requested size: 234.8775pt x 83.78838pt.
 [12 <./figures/33.png>]
<figures/35.png, id=81, 643.6547pt x 149.05687pt>
File: figures/35.png Graphic file (type png)
<use figures/35.png>
Package pdftex.def Info: figures/35.png  used on input line 480.
(pdftex.def)             Requested size: 375.80544pt x 87.03075pt.
<figures/36.png, id=82, 332.74312pt x 310.15875pt>
File: figures/36.png Graphic file (type png)
<use figures/36.png>
Package pdftex.def Info: figures/36.png  used on input line 493.
(pdftex.def)             Requested size: 234.8775pt x 218.93643pt.
 [13 <./figures/35.png> <./figures/36.png>] [14]
<figures/42.png, id=92, 199.49532pt x 90.3375pt>
File: figures/42.png Graphic file (type png)
<use figures/42.png>
Package pdftex.def Info: figures/42.png  used on input line 579.
(pdftex.def)             Requested size: 187.89914pt x 85.08955pt.
<figures/43.png, id=93, 656.4525pt x 318.43968pt>
File: figures/43.png Graphic file (type png)
<use figures/43.png>
Package pdftex.def Info: figures/43.png  used on input line 591.
(pdftex.def)             Requested size: 422.77664pt x 205.08833pt.
 [15 <./figures/42.png>]
<figures/46.png, id=98, 224.33812pt x 344.78813pt>
File: figures/46.png Graphic file (type png)
<use figures/46.png>
Package pdftex.def Info: figures/46.png  used on input line 616.
(pdftex.def)             Requested size: 140.92793pt x 216.60211pt.
 [16 <./figures/43.png> <./figures/46.png>]
<figures/49.png, id=105, 395.97937pt x 112.16907pt>
File: figures/49.png Graphic file (type png)
<use figures/49.png>
Package pdftex.def Info: figures/49.png  used on input line 634.
(pdftex.def)             Requested size: 234.8775pt x 66.53517pt.
<figures/53.png, id=106, 663.22781pt x 283.0575pt>
File: figures/53.png Graphic file (type png)
<use figures/53.png>
Package pdftex.def Info: figures/53.png  used on input line 666.
(pdftex.def)             Requested size: 422.77664pt x 180.43488pt.
 [17 <./figures/49.png>]
<figures/55.png, id=111, 313.17pt x 392.96812pt>
File: figures/55.png Graphic file (type png)
<use figures/55.png>
Package pdftex.def Info: figures/55.png  used on input line 680.
(pdftex.def)             Requested size: 140.92793pt x 176.84001pt.


AED: lastpage setting LastPage
[18 <./figures/53.png> <./figures/55.png>] (./CS2017.aux)

LaTeX Warning: Label(s) may have changed. Rerun to get cross-references right.

 ) 
Here is how much of TeX's memory you used:
 3663 strings out of 476091
 55089 string characters out of 5794081
 1861330 words of memory out of 5000000
 23998 multiletter control sequences out of 15000+600000
 518962 words of font info for 57 fonts, out of 8000000 for 9000
 1141 hyphenation exceptions out of 8191
 57i,12n,62p,497b,282s stack positions out of 10000i,1000n,20000p,200000b,200000s
{/usr/share/texmf/fonts/enc/dvips/cm-super/cm-super-ts1.enc}</usr/share/texli
ve/texmf-dist/fonts/type1/public/amsfonts/cm/cmbx10.pfb></usr/share/texlive/tex
mf-dist/fonts/type1/public/amsfonts/cm/cmbx12.pfb></usr/share/texlive/texmf-dis
t/fonts/type1/public/amsfonts/cm/cmex10.pfb></usr/share/texlive/texmf-dist/font
s/type1/public/amsfonts/cm/cmmi10.pfb></usr/share/texlive/texmf-dist/fonts/type
1/public/amsfonts/cm/cmmi6.pfb></usr/share/texlive/texmf-dist/fonts/type1/publi
c/amsfonts/cm/cmmi8.pfb></usr/share/texlive/texmf-dist/fonts/type1/public/amsfo
nts/cm/cmr10.pfb></usr/share/texlive/texmf-dist/fonts/type1/public/amsfonts/cm/
cmr6.pfb></usr/share/texlive/texmf-dist/fonts/type1/public/amsfonts/cm/cmr8.pfb
></usr/share/texlive/texmf-dist/fonts/type1/public/amsfonts/cm/cmsy10.pfb></usr
/share/texlive/texmf-dist/fonts/type1/public/amsfonts/cm/cmsy6.pfb></usr/share/
texlive/texmf-dist/fonts/type1/public/amsfonts/cm/cmsy8.pfb></usr/share/texlive
/texmf-dist/fonts/type1/public/amsfonts/cm/cmtt10.pfb></usr/share/texlive/texmf
-dist/fonts/type1/public/amsfonts/symbols/msbm10.pfb></usr/share/texmf/fonts/ty
pe1/public/cm-super/sfrm1095.pfb>
Output written on CS2017.pdf (18 pages, 2697806 bytes).
PDF statistics:
 181 PDF objects out of 1000 (max. 8388607)
 88 compressed objects within 1 object stream
 0 named destinations out of 1000 (max. 500000)
 106 words of extra memory for PDF output out of 10000 (max. 10000000)

