This is pdfTeX, Version 3.141592653-2.6-1.40.24 (TeX Live 2022/Debian) (preloaded format=pdflatex 2025.5.14)  28 MAY 2025 19:59
entering extended mode
 restricted \write18 enabled.
 %&-line parsing enabled.
**CS2018.tex
(./CS2018.tex
LaTeX2e <2022-11-01> patch level 1
L3 programming layer <2023-01-16>
(/usr/share/texlive/texmf-dist/tex/latex/base/article.cls
Document Class: article 2022/07/02 v1.4n Standard LaTeX document class
(/usr/share/texlive/texmf-dist/tex/latex/base/size11.clo
File: size11.clo 2022/07/02 v1.4n Standard LaTeX file (size option)
)
\c@part=\count185
\c@section=\count186
\c@subsection=\count187
\c@subsubsection=\count188
\c@paragraph=\count189
\c@subparagraph=\count190
\c@figure=\count191
\c@table=\count192
\abovecaptionskip=\skip48
\belowcaptionskip=\skip49
\bibindent=\dimen140
)
(/usr/share/texlive/texmf-dist/tex/latex/amsmath/amsmath.sty
Package: amsmath 2022/04/08 v2.17n AMS math features
\@mathmargin=\skip50

For additional information on amsmath, use the `?' option.
(/usr/share/texlive/texmf-dist/tex/latex/amsmath/amstext.sty
Package: amstext 2021/08/26 v2.01 AMS text

(/usr/share/texlive/texmf-dist/tex/latex/amsmath/amsgen.sty
File: amsgen.sty 1999/11/30 v2.0 generic functions
\@emptytoks=\toks16
\ex@=\dimen141
))
(/usr/share/texlive/texmf-dist/tex/latex/amsmath/amsbsy.sty
Package: amsbsy 1999/11/29 v1.2d Bold Symbols
\pmbraise@=\dimen142
)
(/usr/share/texlive/texmf-dist/tex/latex/amsmath/amsopn.sty
Package: amsopn 2022/04/08 v2.04 operator names
)
\inf@bad=\count193
LaTeX Info: Redefining \frac on input line 234.
\uproot@=\count194
\leftroot@=\count195
LaTeX Info: Redefining \overline on input line 399.
LaTeX Info: Redefining \colon on input line 410.
\classnum@=\count196
\DOTSCASE@=\count197
LaTeX Info: Redefining \ldots on input line 496.
LaTeX Info: Redefining \dots on input line 499.
LaTeX Info: Redefining \cdots on input line 620.
\Mathstrutbox@=\box51
\strutbox@=\box52
LaTeX Info: Redefining \big on input line 722.
LaTeX Info: Redefining \Big on input line 723.
LaTeX Info: Redefining \bigg on input line 724.
LaTeX Info: Redefining \Bigg on input line 725.
\big@size=\dimen143
LaTeX Font Info:    Redeclaring font encoding OML on input line 743.
LaTeX Font Info:    Redeclaring font encoding OMS on input line 744.
\macc@depth=\count198
LaTeX Info: Redefining \bmod on input line 905.
LaTeX Info: Redefining \pmod on input line 910.
LaTeX Info: Redefining \smash on input line 940.
LaTeX Info: Redefining \relbar on input line 970.
LaTeX Info: Redefining \Relbar on input line 971.
\c@MaxMatrixCols=\count199
\dotsspace@=\muskip16
\c@parentequation=\count266
\dspbrk@lvl=\count267
\tag@help=\toks17
\row@=\count268
\column@=\count269
\maxfields@=\count270
\andhelp@=\toks18
\eqnshift@=\dimen144
\alignsep@=\dimen145
\tagshift@=\dimen146
\tagwidth@=\dimen147
\totwidth@=\dimen148
\lineht@=\dimen149
\@envbody=\toks19
\multlinegap=\skip51
\multlinetaggap=\skip52
\mathdisplay@stack=\toks20
LaTeX Info: Redefining \[ on input line 2953.
LaTeX Info: Redefining \] on input line 2954.
)
(/usr/share/texlive/texmf-dist/tex/latex/amsfonts/amssymb.sty
Package: amssymb 2013/01/14 v3.01 AMS font symbols

(/usr/share/texlive/texmf-dist/tex/latex/amsfonts/amsfonts.sty
Package: amsfonts 2013/01/14 v3.01 Basic AMSFonts support
\symAMSa=\mathgroup4
\symAMSb=\mathgroup5
LaTeX Font Info:    Redeclaring math symbol \hbar on input line 98.
LaTeX Font Info:    Overwriting math alphabet `\mathfrak' in version `bold'
(Font)                  U/euf/m/n --> U/euf/b/n on input line 106.
))
(/usr/share/texlive/texmf-dist/tex/latex/graphics/graphicx.sty
Package: graphicx 2021/09/16 v1.2d Enhanced LaTeX Graphics (DPC,SPQR)

(/usr/share/texlive/texmf-dist/tex/latex/graphics/keyval.sty
Package: keyval 2022/05/29 v1.15 key=value parser (DPC)
\KV@toks@=\toks21
)
(/usr/share/texlive/texmf-dist/tex/latex/graphics/graphics.sty
Package: graphics 2022/03/10 v1.4e Standard LaTeX Graphics (DPC,SPQR)

(/usr/share/texlive/texmf-dist/tex/latex/graphics/trig.sty
Package: trig 2021/08/11 v1.11 sin cos tan (DPC)
)
(/usr/share/texlive/texmf-dist/tex/latex/graphics-cfg/graphics.cfg
File: graphics.cfg 2016/06/04 v1.11 sample graphics configuration
)
Package graphics Info: Driver file: pdftex.def on input line 107.

(/usr/share/texlive/texmf-dist/tex/latex/graphics-def/pdftex.def
File: pdftex.def 2022/09/22 v1.2b Graphics/color driver for pdftex
))
\Gin@req@height=\dimen150
\Gin@req@width=\dimen151
)
(/usr/share/texlive/texmf-dist/tex/latex/tools/tabularx.sty
Package: tabularx 2020/01/15 v2.11c `tabularx' package (DPC)

(/usr/share/texlive/texmf-dist/tex/latex/tools/array.sty
Package: array 2022/09/04 v2.5g Tabular extension package (FMi)
\col@sep=\dimen152
\ar@mcellbox=\box53
\extrarowheight=\dimen153
\NC@list=\toks22
\extratabsurround=\skip53
\backup@length=\skip54
\ar@cellbox=\box54
)
\TX@col@width=\dimen154
\TX@old@table=\dimen155
\TX@old@col=\dimen156
\TX@target=\dimen157
\TX@delta=\dimen158
\TX@cols=\count271
\TX@ftn=\toks23
)
(/usr/share/texlive/texmf-dist/tex/latex/fancyhdr/fancyhdr.sty
Package: fancyhdr 2022/11/09 v4.1 Extensive control of page headers and footers

\f@nch@headwidth=\skip55
\f@nch@O@elh=\skip56
\f@nch@O@erh=\skip57
\f@nch@O@olh=\skip58
\f@nch@O@orh=\skip59
\f@nch@O@elf=\skip60
\f@nch@O@erf=\skip61
\f@nch@O@olf=\skip62
\f@nch@O@orf=\skip63
)
(/usr/share/texlive/texmf-dist/tex/latex/lastpage/lastpage.sty
Package: lastpage 2021/09/03 v1.2n Refers to last page's name (HMM; JPG)
)
(/usr/share/texlive/texmf-dist/tex/latex/geometry/geometry.sty
Package: geometry 2020/01/02 v5.9 Page Geometry

(/usr/share/texlive/texmf-dist/tex/generic/iftex/ifvtex.sty
Package: ifvtex 2019/10/25 v1.7 ifvtex legacy package. Use iftex instead.

(/usr/share/texlive/texmf-dist/tex/generic/iftex/iftex.sty
Package: iftex 2022/02/03 v1.0f TeX engine tests
))
\Gm@cnth=\count272
\Gm@cntv=\count273
\c@Gm@tempcnt=\count274
\Gm@bindingoffset=\dimen159
\Gm@wd@mp=\dimen160
\Gm@odd@mp=\dimen161
\Gm@even@mp=\dimen162
\Gm@layoutwidth=\dimen163
\Gm@layoutheight=\dimen164
\Gm@layouthoffset=\dimen165
\Gm@layoutvoffset=\dimen166
\Gm@dimlist=\toks24
)
(/usr/share/texlive/texmf-dist/tex/latex/l3backend/l3backend-pdftex.def
File: l3backend-pdftex.def 2023-01-16 L3 backend support: PDF output (pdfTeX)
\l__color_backend_stack_int=\count275
\l__pdf_internal_box=\box55
)
No file CS2018.aux.
\openout1 = `CS2018.aux'.

LaTeX Font Info:    Checking defaults for OML/cmm/m/it on input line 27.
LaTeX Font Info:    ... okay on input line 27.
LaTeX Font Info:    Checking defaults for OMS/cmsy/m/n on input line 27.
LaTeX Font Info:    ... okay on input line 27.
LaTeX Font Info:    Checking defaults for OT1/cmr/m/n on input line 27.
LaTeX Font Info:    ... okay on input line 27.
LaTeX Font Info:    Checking defaults for T1/cmr/m/n on input line 27.
LaTeX Font Info:    ... okay on input line 27.
LaTeX Font Info:    Checking defaults for TS1/cmr/m/n on input line 27.
LaTeX Font Info:    ... okay on input line 27.
LaTeX Font Info:    Checking defaults for OMX/cmex/m/n on input line 27.
LaTeX Font Info:    ... okay on input line 27.
LaTeX Font Info:    Checking defaults for U/cmr/m/n on input line 27.
LaTeX Font Info:    ... okay on input line 27.
(/usr/share/texlive/texmf-dist/tex/context/base/mkii/supp-pdf.mkii
[Loading MPS to PDF converter (version 2006.09.02).]
\scratchcounter=\count276
\scratchdimen=\dimen167
\scratchbox=\box56
\nofMPsegments=\count277
\nofMParguments=\count278
\everyMPshowfont=\toks25
\MPscratchCnt=\count279
\MPscratchDim=\dimen168
\MPnumerator=\count280
\makeMPintoPDFobject=\count281
\everyMPtoPDFconversion=\toks26
) (/usr/share/texlive/texmf-dist/tex/latex/epstopdf-pkg/epstopdf-base.sty
Package: epstopdf-base 2020-01-24 v2.11 Base part for package epstopdf
Package epstopdf-base Info: Redefining graphics rule for `.eps' on input line 4
85.

(/usr/share/texlive/texmf-dist/tex/latex/latexconfig/epstopdf-sys.cfg
File: epstopdf-sys.cfg 2010/07/13 v1.3 Configuration of (r)epstopdf for TeX Liv
e
))
Package lastpage Info: Please have a look at the pageslts package at
(lastpage)             https://www.ctan.org/pkg/pageslts
(lastpage)             ! on input line 27.

*geometry* driver: auto-detecting
*geometry* detected driver: pdftex
*geometry* verbose mode - [ preamble ] result:
* driver: pdftex
* paper: <default>
* layout: <same size as paper>
* layoutoffset:(h,v)=(0.0pt,0.0pt)
* modes: 
* h-part:(L,W,R)=(72.26999pt, 469.75502pt, 72.26999pt)
* v-part:(T,H,B)=(72.26999pt, 650.43001pt, 72.26999pt)
* \paperwidth=614.295pt
* \paperheight=794.96999pt
* \textwidth=469.75502pt
* \textheight=650.43001pt
* \oddsidemargin=0.0pt
* \evensidemargin=0.0pt
* \topmargin=-37.0pt
* \headheight=12.0pt
* \headsep=25.0pt
* \topskip=11.0pt
* \footskip=30.0pt
* \marginparwidth=59.0pt
* \marginparsep=10.0pt
* \columnsep=10.0pt
* \skip\footins=10.0pt plus 4.0pt minus 2.0pt
* \hoffset=0.0pt
* \voffset=0.0pt
* \mag=1000
* \@twocolumnfalse
* \@twosidefalse
* \@mparswitchfalse
* \@reversemarginfalse
* (1in=72.27pt=25.4mm, 1cm=28.453pt)

LaTeX Font Info:    Trying to load font information for U+msa on input line 58.

(/usr/share/texlive/texmf-dist/tex/latex/amsfonts/umsa.fd
File: umsa.fd 2013/01/14 v3.01 AMS symbols A
)
LaTeX Font Info:    Trying to load font information for U+msb on input line 58.


(/usr/share/texlive/texmf-dist/tex/latex/amsfonts/umsb.fd
File: umsb.fd 2013/01/14 v3.01 AMS symbols B
) [1

{/var/lib/texmf/fonts/map/pdftex/updmap/pdftex.map}]
<figures/9.png, id=11, 236.38312pt x 197.98969pt>
File: figures/9.png Graphic file (type png)
<use figures/9.png>
Package pdftex.def Info: figures/9.png  used on input line 116.
(pdftex.def)             Requested size: 234.8775pt x 196.73242pt.
 [2]
<figures/2.png, id=19, 440.39531pt x 188.20313pt>
File: figures/2.png Graphic file (type png)
<use figures/2.png>
Package pdftex.def Info: figures/2.png  used on input line 152.
(pdftex.def)             Requested size: 281.85587pt x 120.45532pt.
 [3 <./figures/9.png>]
<figures/3.png, id=26, 384.6872pt x 76.78688pt>
File: figures/3.png Graphic file (type png)
<use figures/3.png>
Package pdftex.def Info: figures/3.png  used on input line 165.
(pdftex.def)             Requested size: 234.8775pt x 46.88445pt.
 [4 <./figures/2.png> <./figures/3.png>] [5]
Overfull \hbox (0.39087pt too wide) in paragraph at lines 262--263
\OT1/cmr/m/n/10.95 Query 1: \OT1/cmtt/m/n/10.95 SELECT B.isbn, S.copies FROM Bo
ok B INNER JOIN Stock S ON B.isbn = S.isbn; 
 []


Overfull \hbox (29.13431pt too wide) in paragraph at lines 262--263
\OT1/cmr/m/n/10.95 Query 2: \OT1/cmtt/m/n/10.95 SELECT B.isbn, S.copies FROM Bo
ok B LEFT OUTER JOIN Stock S ON B.isbn = S.isbn; 
 []


Overfull \hbox (34.883pt too wide) in paragraph at lines 262--263
\OT1/cmr/m/n/10.95 Query 3: \OT1/cmtt/m/n/10.95 SELECT B.isbn, S.copies FROM Bo
ok B RIGHT OUTER JOIN Stock S ON B.isbn = S.isbn; 
 []


Overfull \hbox (29.13431pt too wide) in paragraph at lines 262--263
\OT1/cmr/m/n/10.95 Query 4: \OT1/cmtt/m/n/10.95 SELECT B.isbn, S.copies FROM Bo
ok B FULL OUTER JOIN Stock S ON B.isbn = S.isbn; 
 []

[6]
<figures/18.png, id=39, 187.45032pt x 124.96687pt>
File: figures/18.png Graphic file (type png)
<use figures/18.png>
Package pdftex.def Info: figures/18.png  used on input line 310.
(pdftex.def)             Requested size: 234.8775pt x 156.59529pt.
 [7]
<figures/21.png, id=45, 240.14719pt x 307.1475pt>
File: figures/21.png Graphic file (type png)
<use figures/21.png>
Package pdftex.def Info: figures/21.png  used on input line 321.
(pdftex.def)             Requested size: 234.8775pt x 300.41197pt.
<figures/22.png, id=46, 203.25937pt x 78.2925pt>
File: figures/22.png Graphic file (type png)
<use figures/22.png>
Package pdftex.def Info: figures/22.png  used on input line 325.
(pdftex.def)             Requested size: 234.8775pt x 90.47409pt.
 [8 <./figures/18.png> <./figures/21.png>] [9 <./figures/22.png>]
<figures/29.png, id=57, 445.665pt x 319.94531pt>
File: figures/29.png Graphic file (type png)
<use figures/29.png>
Package pdftex.def Info: figures/29.png  used on input line 377.
(pdftex.def)             Requested size: 234.8775pt x 168.61821pt.

[10 <./figures/29.png>]
<figures/32.png, id=62, 368.87813pt x 108.405pt>
File: figures/32.png Graphic file (type png)
<use figures/32.png>
Package pdftex.def Info: figures/32.png  used on input line 410.
(pdftex.def)             Requested size: 234.8775pt x 69.02496pt.

Underfull \hbox (badness 10000) in paragraph at lines 426--426

 []

[11 <./figures/32.png>]
LaTeX Font Info:    Trying to load font information for OMS+cmr on input line 4
79.
 (/usr/share/texlive/texmf-dist/tex/latex/base/omscmr.fd
File: omscmr.fd 2022/07/10 v2.5l Standard LaTeX font definitions
)
LaTeX Font Info:    Font shape `OMS/cmr/m/n' in size <10.95> not available
(Font)              Font shape `OMS/cmsy/m/n' tried instead on input line 479.

Underfull \hbox (badness 10000) in paragraph at lines 479--479

 []

[12]
LaTeX Font Info:    Trying to load font information for TS1+cmtt on input line 
490.
 (/usr/share/texlive/texmf-dist/tex/latex/base/ts1cmtt.fd
File: ts1cmtt.fd 2022/07/10 v2.5l Standard LaTeX font definitions
)
<figures/38.png, id=70, 180.675pt x 140.77594pt>
File: figures/38.png Graphic file (type png)
<use figures/38.png>
Package pdftex.def Info: figures/38.png  used on input line 490.
(pdftex.def)             Requested size: 234.8775pt x 183.01082pt.
<figures/39.png, id=71, 261.97874pt x 104.64093pt>
File: figures/39.png Graphic file (type png)
<use figures/39.png>
Package pdftex.def Info: figures/39.png  used on input line 502.
(pdftex.def)             Requested size: 234.8775pt x 93.81828pt.
<figures/40.png, id=72, 507.39563pt x 153.57375pt>
File: figures/40.png Graphic file (type png)
<use figures/40.png>
Package pdftex.def Info: figures/40.png  used on input line 514.
(pdftex.def)             Requested size: 234.8775pt x 71.09001pt.
 [13 <./figures/38.png> <./figures/39.png>]
<figures/42.png, id=80, 505.89pt x 332.74312pt>
File: figures/42.png Graphic file (type png)
<use figures/42.png>
Package pdftex.def Info: figures/42.png  used on input line 534.
(pdftex.def)             Requested size: 234.8775pt x 154.49039pt.
 [14 <./figures/40.png> <./figures/42.png>]
Overfull \hbox (37.35709pt too wide) in paragraph at lines 546--548
\OT1/cmr/m/n/10.95 medium (M), and low (L). Con-di-tional prob-a-bil-i-ties $\O
ML/cmm/m/it/10.95 P\OT1/cmr/m/n/10.95 (\OML/cmm/m/it/10.95 HD\OMS/cmsy/m/n/10.9
5 j\OML/cmm/m/it/10.95 HG\OT1/cmr/m/n/10.95 ) = 0\OML/cmm/m/it/10.95 :\OT1/cmr/
m/n/10.95 40\OML/cmm/m/it/10.95 ; P\OT1/cmr/m/n/10.95 (\OML/cmm/m/it/10.95 MD\O
MS/cmsy/m/n/10.95 j\OML/cmm/m/it/10.95 HG\OT1/cmr/m/n/10.95 ) = 0\OML/cmm/m/it/
10.95 :\OT1/cmr/m/n/10.95 48\OML/cmm/m/it/10.95 ; P\OT1/cmr/m/n/10.95 (\OML/cmm
/m/it/10.95 LD\OMS/cmsy/m/n/10.95 j\OML/cmm/m/it/10.95 HG\OT1/cmr/m/n/10.95 ) =

 []

LaTeX Font Info:    Trying to load font information for OMS+cmtt on input line 
555.
LaTeX Font Info:    No file OMScmtt.fd. on input line 555.

LaTeX Font Warning: Font shape `OMS/cmtt/m/n' undefined
(Font)              using `OMS/cmsy/m/n' instead
(Font)              for symbol `textbraceleft' on input line 555.


Underfull \hbox (badness 10000) in paragraph at lines 565--565

 []

<figures/47.png, id=86, 188.95593pt x 161.10187pt>
File: figures/47.png Graphic file (type png)
<use figures/47.png>
Package pdftex.def Info: figures/47.png  used on input line 565.
(pdftex.def)             Requested size: 234.8775pt x 200.25589pt.
[15 <./figures/47.png>]
Underfull \hbox (badness 10000) in paragraph at lines 584--584

 []

<figures/52.png, id=91, 269.50688pt x 77.53969pt>
File: figures/52.png Graphic file (type png)
<use figures/52.png>
Package pdftex.def Info: figures/52.png  used on input line 598.
(pdftex.def)             Requested size: 234.8775pt x 67.57727pt.
[16 <./figures/52.png>] 
AED: lastpage setting LastPage
[17] (./CS2018.aux)

LaTeX Font Warning: Some font shapes were not available, defaults substituted.


LaTeX Warning: Label(s) may have changed. Rerun to get cross-references right.

 ) 
Here is how much of TeX's memory you used:
 3687 strings out of 476091
 55728 string characters out of 5794081
 1861330 words of memory out of 5000000
 24024 multiletter control sequences out of 15000+600000
 519260 words of font info for 58 fonts, out of 8000000 for 9000
 1141 hyphenation exceptions out of 8191
 57i,11n,62p,540b,280s stack positions out of 10000i,1000n,20000p,200000b,200000s
{/usr/share/texmf/fonts/enc/dvips/cm-super/cm-super-ts1.enc}</usr/share/texli
ve/texmf-dist/fonts/type1/public/amsfonts/cm/cmbx10.pfb></usr/share/texlive/tex
mf-dist/fonts/type1/public/amsfonts/cm/cmbx12.pfb></usr/share/texlive/texmf-dis
t/fonts/type1/public/amsfonts/cm/cmex10.pfb></usr/share/texlive/texmf-dist/font
s/type1/public/amsfonts/cm/cmmi10.pfb></usr/share/texlive/texmf-dist/fonts/type
1/public/amsfonts/cm/cmmi8.pfb></usr/share/texlive/texmf-dist/fonts/type1/publi
c/amsfonts/cm/cmr10.pfb></usr/share/texlive/texmf-dist/fonts/type1/public/amsfo
nts/cm/cmr6.pfb></usr/share/texlive/texmf-dist/fonts/type1/public/amsfonts/cm/c
mr8.pfb></usr/share/texlive/texmf-dist/fonts/type1/public/amsfonts/cm/cmsy10.pf
b></usr/share/texlive/texmf-dist/fonts/type1/public/amsfonts/cm/cmsy8.pfb></usr
/share/texlive/texmf-dist/fonts/type1/public/amsfonts/cm/cmtt10.pfb></usr/share
/texlive/texmf-dist/fonts/type1/public/amsfonts/symbols/msam10.pfb></usr/share/
texmf/fonts/type1/public/cm-super/sfrm1095.pfb></usr/share/texmf/fonts/type1/pu
blic/cm-super/sftt1095.pfb>
Output written on CS2018.pdf (17 pages, 410862 bytes).
PDF statistics:
 159 PDF objects out of 1000 (max. 8388607)
 83 compressed objects within 1 object stream
 0 named destinations out of 1000 (max. 500000)
 71 words of extra memory for PDF output out of 10000 (max. 10000000)

